<?xml version="1.0" encoding="UTF-8"?>
<testsuites name="jest tests" tests="5" failures="5" time="2.141">
  <testsuite name="Birthday Records" errors="0" failures="5" skipped="0" timestamp="2022-09-06T18:02:55" time="1.572" tests="5">
    <testcase classname="Birthday Records check if radio &apos;name&apos; and &apos;age&apos; are switched when clicked" name="Birthday Records check if radio &apos;name&apos; and &apos;age&apos; are switched when clicked" time="0.056">
      <failure>Error: expect(element).not.toBeChecked()

Received element is checked:
  &lt;input data-testid=&quot;name&quot; type=&quot;radio&quot; /&gt;
    at Object.&lt;anonymous&gt; (/projects/challenge/src/App.test.js:33:27)
    at Object.asyncJestTest (/projects/challenge/node_modules/jest-jasmine2/build/jasmineAsyncInstall.js:102:37)
    at /projects/challenge/node_modules/jest-jasmine2/build/queueRunner.js:43:12
    at new Promise (&lt;anonymous&gt;)
    at mapper (/projects/challenge/node_modules/jest-jasmine2/build/queueRunner.js:26:19)
    at /projects/challenge/node_modules/jest-jasmine2/build/queueRunner.js:73:41
    at processTicksAndRejections (internal/process/task_queues.js:95:5)</failure>
    </testcase>
    <testcase classname="Birthday Records check if number of table rows are rendered" name="Birthday Records check if number of table rows are rendered" time="0.013">
      <failure>Error: expect(received).toEqual(expected) // deep equality

Expected: 9
Received: 2
    at Object.&lt;anonymous&gt; (/projects/challenge/src/App.test.js:37:31)
    at Object.asyncJestTest (/projects/challenge/node_modules/jest-jasmine2/build/jasmineAsyncInstall.js:102:37)
    at /projects/challenge/node_modules/jest-jasmine2/build/queueRunner.js:43:12
    at new Promise (&lt;anonymous&gt;)
    at mapper (/projects/challenge/node_modules/jest-jasmine2/build/queueRunner.js:26:19)
    at /projects/challenge/node_modules/jest-jasmine2/build/queueRunner.js:73:41</failure>
    </testcase>
    <testcase classname="Birthday Records check if random rows not sorted originally" name="Birthday Records check if random rows not sorted originally" time="0.006">
      <failure>TypeError: Cannot read property &apos;textContent&apos; of undefined
    at Object.&lt;anonymous&gt; (/projects/challenge/src/App.test.js:41:26)
    at Object.asyncJestTest (/projects/challenge/node_modules/jest-jasmine2/build/jasmineAsyncInstall.js:102:37)
    at /projects/challenge/node_modules/jest-jasmine2/build/queueRunner.js:43:12
    at new Promise (&lt;anonymous&gt;)
    at mapper (/projects/challenge/node_modules/jest-jasmine2/build/queueRunner.js:26:19)
    at /projects/challenge/node_modules/jest-jasmine2/build/queueRunner.js:73:41</failure>
    </testcase>
    <testcase classname="Birthday Records check if random rows sorted by name when radio &apos;name&apos; is clicked" name="Birthday Records check if random rows sorted by name when radio &apos;name&apos; is clicked" time="0.006">
      <failure>TypeError: Cannot read property &apos;textContent&apos; of undefined
    at Object.&lt;anonymous&gt; (/projects/challenge/src/App.test.js:47:26)
    at Object.asyncJestTest (/projects/challenge/node_modules/jest-jasmine2/build/jasmineAsyncInstall.js:102:37)
    at /projects/challenge/node_modules/jest-jasmine2/build/queueRunner.js:43:12
    at new Promise (&lt;anonymous&gt;)
    at mapper (/projects/challenge/node_modules/jest-jasmine2/build/queueRunner.js:26:19)
    at /projects/challenge/node_modules/jest-jasmine2/build/queueRunner.js:73:41</failure>
    </testcase>
    <testcase classname="Birthday Records check if random rows sorted by age when radio &apos;age&apos; is clicked" name="Birthday Records check if random rows sorted by age when radio &apos;age&apos; is clicked" time="0.006">
      <failure>TypeError: Cannot read property &apos;textContent&apos; of undefined
    at Object.&lt;anonymous&gt; (/projects/challenge/src/App.test.js:53:26)
    at Object.asyncJestTest (/projects/challenge/node_modules/jest-jasmine2/build/jasmineAsyncInstall.js:102:37)
    at /projects/challenge/node_modules/jest-jasmine2/build/queueRunner.js:43:12
    at new Promise (&lt;anonymous&gt;)
    at mapper (/projects/challenge/node_modules/jest-jasmine2/build/queueRunner.js:26:19)
    at /projects/challenge/node_modules/jest-jasmine2/build/queueRunner.js:73:41</failure>
    </testcase>
  </testsuite>
</testsuites>